<?xml version="1.0" encoding="utf-8"?><testsuites name="pytest tests"><testsuite name="pytest" errors="0" failures="0" skipped="0" tests="11" time="2.629" timestamp="2026-04-07T13:27:46.124459+00:00" hostname="agent-env-5eebdfe4-ba9a-4811-8351-63ad73d05948"><testcase classname="backend.tests.test_completion_photos.TestCompletionPhotosAPI" name="test_get_demand_returns_completion_photos_array" time="0.597" /><testcase classname="backend.tests.test_completion_photos.TestCompletionPhotosAPI" name="test_supplier_can_add_photo_to_completed_demand" time="0.436" /><testcase classname="backend.tests.test_completion_photos.TestCompletionPhotosAPI" name="test_customer_can_add_photo_to_completed_demand" time="0.110" /><testcase classname="backend.tests.test_completion_photos.TestCompletionPhotosAPI" name="test_verify_photos_persisted_in_demand" time="0.134" /><testcase classname="backend.tests.test_completion_photos.TestCompletionPhotosAPI" name="test_user_can_delete_own_photo" time="0.247" /><testcase classname="backend.tests.test_completion_photos.TestCompletionPhotosAPI" name="test_user_cannot_delete_another_users_photo" time="0.109" /><testcase classname="backend.tests.test_completion_photos.TestCompletionPhotosAPI" name="test_cleanup_supplier_photo" time="0.105" /><testcase classname="backend.tests.test_completion_photos.TestCompletionPhotosValidation" name="test_cannot_add_photo_to_non_completed_demand" time="0.231" /><testcase classname="backend.tests.test_completion_photos.TestCompletionPhotosValidation" name="test_photo_url_required" time="0.132" /><testcase classname="backend.tests.test_completion_photos.TestCompletionPhotosValidation" name="test_delete_nonexistent_photo" time="0.107" /><testcase classname="backend.tests.test_completion_photos.TestCompletionPhotosOnPriceIncreaseDemand" name="test_add_and_verify_photo_on_price_increase_demand" time="0.340" /></testsuite></testsuites>