<?xml version="1.0" encoding="utf-8"?><testsuites name="pytest tests"><testsuite name="pytest" errors="0" failures="1" skipped="0" tests="36" time="26.426" timestamp="2026-04-11T06:59:42.074162+00:00" hostname="agent-env-5eebdfe4-ba9a-4811-8351-63ad73d05948"><testcase classname="tests.test_comprehensive_iteration33.TestHealthAndPublicEndpoints" name="test_health_endpoint" time="0.196" /><testcase classname="tests.test_comprehensive_iteration33.TestHealthAndPublicEndpoints" name="test_platform_stats" time="0.110" /><testcase classname="tests.test_comprehensive_iteration33.TestHealthAndPublicEndpoints" name="test_categories_endpoint" time="0.106" /><testcase classname="tests.test_comprehensive_iteration33.TestHealthAndPublicEndpoints" name="test_promoted_suppliers_public" time="0.102" /><testcase classname="tests.test_comprehensive_iteration33.TestHealthAndPublicEndpoints" name="test_subscription_plans" time="0.105" /><testcase classname="tests.test_comprehensive_iteration33.TestAuthenticationFlows" name="test_admin_login" time="0.336" /><testcase classname="tests.test_comprehensive_iteration33.TestAuthenticationFlows" name="test_customer_login" time="0.333" /><testcase classname="tests.test_comprehensive_iteration33.TestAuthenticationFlows" name="test_supplier_login" time="0.325" /><testcase classname="tests.test_comprehensive_iteration33.TestAuthenticationFlows" name="test_login_invalid_credentials" time="0.321" /><testcase classname="tests.test_comprehensive_iteration33.TestAuthenticationFlows" name="test_login_nonexistent_user" time="0.099" /><testcase classname="tests.test_comprehensive_iteration33.TestAuthenticatedEndpoints" name="test_get_current_user_admin" time="1.068" /><testcase classname="tests.test_comprehensive_iteration33.TestAuthenticatedEndpoints" name="test_get_current_user_customer" time="1.086" /><testcase classname="tests.test_comprehensive_iteration33.TestAuthenticatedEndpoints" name="test_unauthorized_without_token" time="1.099"><failure message="assert 403 == 401&#10; +  where 403 = &lt;Response [403]&gt;.status_code">tests/test_comprehensive_iteration33.py:183: in test_unauthorized_without_token
    assert response.status_code == 401
E   assert 403 == 401
E    +  where 403 = &lt;Response [403]&gt;.status_code</failure></testcase><testcase classname="tests.test_comprehensive_iteration33.TestDemandsCRUD" name="test_get_customer_demands" time="0.435" /><testcase classname="tests.test_comprehensive_iteration33.TestDemandsCRUD" name="test_create_demand" time="9.637" /><testcase classname="tests.test_comprehensive_iteration33.TestDemandsCRUD" name="test_quick_demand_creation" time="0.428" /><testcase classname="tests.test_comprehensive_iteration33.TestSupplierEndpoints" name="test_get_available_demands" time="0.421" /><testcase classname="tests.test_comprehensive_iteration33.TestSupplierEndpoints" name="test_get_suppliers_list" time="0.441" /><testcase classname="tests.test_comprehensive_iteration33.TestAdminEndpoints" name="test_admin_stats" time="0.449" /><testcase classname="tests.test_comprehensive_iteration33.TestAdminEndpoints" name="test_admin_users_list" time="0.451" /><testcase classname="tests.test_comprehensive_iteration33.TestAdminEndpoints" name="test_admin_demands_list" time="0.498" /><testcase classname="tests.test_comprehensive_iteration33.TestAdminEndpoints" name="test_admin_promoted_stats" time="0.444" /><testcase classname="tests.test_comprehensive_iteration33.TestAdminEndpoints" name="test_admin_category_suggestions" time="0.444" /><testcase classname="tests.test_comprehensive_iteration33.TestAdminEndpoints" name="test_non_admin_cannot_access_admin_endpoints" time="0.756" /><testcase classname="tests.test_comprehensive_iteration33.TestMessagesEndpoints" name="test_unread_summary" time="0.503" /><testcase classname="tests.test_comprehensive_iteration33.TestInvoicesEndpoints" name="test_get_my_invoices" time="0.782" /><testcase classname="tests.test_comprehensive_iteration33.TestInvoicesEndpoints" name="test_admin_invoices" time="0.761" /><testcase classname="tests.test_comprehensive_iteration33.TestAIChatEndpoint" name="test_ai_chat_basic" time="1.446" /><testcase classname="tests.test_comprehensive_iteration33.TestAIChatEndpoint" name="test_ai_chat_empty_message" time="0.110" /><testcase classname="tests.test_comprehensive_iteration33.TestProfileEndpoints" name="test_get_user_profile" time="0.425" /><testcase classname="tests.test_comprehensive_iteration33.TestProfileEndpoints" name="test_welcome_seen_endpoint" time="0.429" /><testcase classname="tests.test_comprehensive_iteration33.TestGeocodingEndpoints" name="test_geocode_search" time="0.628" /><testcase classname="tests.test_comprehensive_iteration33.TestGeocodingEndpoints" name="test_geocode_reverse" time="0.596" /><testcase classname="tests.test_comprehensive_iteration33.TestAresLookup" name="test_ares_valid_ico" time="0.705" /><testcase classname="tests.test_comprehensive_iteration33.TestPasswordReset" name="test_forgot_password_endpoint" time="0.118" /><testcase classname="tests.test_comprehensive_iteration33.TestPasswordReset" name="test_reset_password_invalid_token" time="0.095" /></testsuite></testsuites>