<?xml version="1.0" encoding="utf-8"?><testsuites name="pytest tests"><testsuite name="pytest" errors="0" failures="0" skipped="0" tests="17" time="8.013" timestamp="2026-04-07T05:20:51.427483+00:00" hostname="agent-env-5eebdfe4-ba9a-4811-8351-63ad73d05948"><testcase classname="backend.tests.test_iteration16_features.TestSubscriptionPlans" name="test_get_subscription_plans_returns_3_plans" time="0.253" /><testcase classname="backend.tests.test_iteration16_features.TestDeactivatedAccountLogin" name="test_deactivated_account_login_shows_admin_email" time="0.826" /><testcase classname="backend.tests.test_iteration16_features.TestReRegistrationAfterDeactivation" name="test_reregistration_flow" time="0.000" /><testcase classname="backend.tests.test_iteration16_features.TestRegistrationFlow" name="test_register_customer_no_ico" time="0.343" /><testcase classname="backend.tests.test_iteration16_features.TestRegistrationFlow" name="test_register_supplier_with_ico" time="0.335" /><testcase classname="backend.tests.test_iteration16_features.TestRegistrationFlow" name="test_register_customer_supplier_company" time="0.347" /><testcase classname="backend.tests.test_iteration16_features.TestRegistrationFlow" name="test_register_duplicate_email_fails" time="0.469" /><testcase classname="backend.tests.test_iteration16_features.TestQuickDemand" name="test_create_quick_demand" time="0.108" /><testcase classname="backend.tests.test_iteration16_features.TestStripeCheckout" name="test_checkout_zakaznik_plan" time="1.028" /><testcase classname="backend.tests.test_iteration16_features.TestStripeCheckout" name="test_checkout_dodavatel_plan" time="0.921" /><testcase classname="backend.tests.test_iteration16_features.TestStripeCheckout" name="test_checkout_zakaznik_dodavatel_plan" time="0.858" /><testcase classname="backend.tests.test_iteration16_features.TestStripeCheckout" name="test_checkout_invalid_plan_fails" time="0.620" /><testcase classname="backend.tests.test_iteration16_features.TestLoginErrors" name="test_invalid_credentials_error" time="0.100" /><testcase classname="backend.tests.test_iteration16_features.TestLoginErrors" name="test_unverified_email_error" time="0.747" /><testcase classname="backend.tests.test_iteration16_features.TestEmailVerification" name="test_invalid_verification_token" time="0.100" /><testcase classname="backend.tests.test_iteration16_features.TestEmailVerification" name="test_resend_verification_endpoint" time="0.545" /><testcase classname="backend.tests.test_iteration16_features.TestAdminLogin" name="test_admin_login_success" time="0.324" /></testsuite></testsuites>