<?xml version="1.0" encoding="utf-8"?><testsuites name="pytest tests"><testsuite name="pytest" errors="0" failures="0" skipped="0" tests="12" time="3.635" timestamp="2026-04-07T19:28:30.077507+00:00" hostname="agent-env-5eebdfe4-ba9a-4811-8351-63ad73d05948"><testcase classname="backend.tests.test_iteration21_price_confirmation.TestPriceConfirmationBackend" name="test_demand_has_price_confirmation_fields" time="0.482" /><testcase classname="backend.tests.test_iteration21_price_confirmation.TestPriceConfirmationBackend" name="test_confirm_price_endpoint_exists" time="0.128" /><testcase classname="backend.tests.test_iteration21_price_confirmation.TestPriceConfirmationBackend" name="test_customer_cannot_confirm_price" time="0.467" /><testcase classname="backend.tests.test_iteration21_price_confirmation.TestPriceConfirmationBackend" name="test_supplier_finances_endpoint" time="0.209" /><testcase classname="backend.tests.test_iteration21_price_confirmation.TestPriceConfirmationBackend" name="test_other_user_cannot_access_finances" time="0.124" /><testcase classname="backend.tests.test_iteration21_price_confirmation.TestPriceConfirmationBackend" name="test_admin_can_access_supplier_finances" time="0.462" /><testcase classname="backend.tests.test_iteration21_price_confirmation.TestPriceConfirmationFlow" name="test_get_demand_with_pending_price" time="0.498" /><testcase classname="backend.tests.test_iteration21_price_confirmation.TestPriceConfirmationFlow" name="test_confirm_price_success" time="0.273" /><testcase classname="backend.tests.test_iteration21_price_confirmation.TestPriceConfirmationFlow" name="test_cannot_confirm_twice" time="0.122" /><testcase classname="backend.tests.test_iteration21_price_confirmation.TestPriceConfirmationFlow" name="test_finances_reflect_confirmed_income" time="0.226" /><testcase classname="backend.tests.test_iteration21_price_confirmation.TestPriceDisputeFlow" name="test_dispute_requires_reason" time="0.456" /><testcase classname="backend.tests.test_iteration21_price_confirmation.TestPriceDisputeFlow" name="test_dispute_with_reason" time="0.119" /></testsuite></testsuites>