<?xml version="1.0" encoding="utf-8"?><testsuites name="pytest tests"><testsuite name="pytest" errors="0" failures="0" skipped="0" tests="8" time="1.127" timestamp="2026-04-10T17:36:00.865151+00:00" hostname="agent-env-5eebdfe4-ba9a-4811-8351-63ad73d05948"><testcase classname="backend.tests.test_iteration24_grouped_categories.TestGroupedCategoriesAPI" name="test_categories_endpoint_returns_both_keys" time="0.195" /><testcase classname="backend.tests.test_iteration24_grouped_categories.TestGroupedCategoriesAPI" name="test_categories_is_flat_array" time="0.117" /><testcase classname="backend.tests.test_iteration24_grouped_categories.TestGroupedCategoriesAPI" name="test_grouped_has_remesla_and_sluzby" time="0.138" /><testcase classname="backend.tests.test_iteration24_grouped_categories.TestGroupedCategoriesAPI" name="test_remesla_has_46_items" time="0.128" /><testcase classname="backend.tests.test_iteration24_grouped_categories.TestGroupedCategoriesAPI" name="test_sluzby_has_78_items" time="0.111" /><testcase classname="backend.tests.test_iteration24_grouped_categories.TestGroupedCategoriesAPI" name="test_grouped_items_are_sorted" time="0.117" /><testcase classname="backend.tests.test_iteration24_grouped_categories.TestGroupedCategoriesAPI" name="test_flat_categories_contains_all_grouped_items" time="0.145" /><testcase classname="backend.tests.test_iteration24_grouped_categories.TestGroupedCategoriesAPI" name="test_specific_categories_in_correct_groups" time="0.112" /></testsuite></testsuites>