<?xml version="1.0" encoding="utf-8"?><testsuites name="pytest tests"><testsuite name="pytest" errors="0" failures="0" skipped="0" tests="24" time="304.697" timestamp="2026-04-01T17:20:16.976168+00:00" hostname="agent-env-5eebdfe4-ba9a-4811-8351-63ad73d05948"><testcase classname="backend.tests.test_e2e_comprehensive.TestHealthAndCategories" name="test_health_endpoint" time="0.131" /><testcase classname="backend.tests.test_e2e_comprehensive.TestHealthAndCategories" name="test_root_endpoint" time="0.110" /><testcase classname="backend.tests.test_e2e_comprehensive.TestHealthAndCategories" name="test_categories_returns_61" time="0.138" /><testcase classname="backend.tests.test_e2e_comprehensive.TestARESIntegration" name="test_ares_lookup_valid_ico" time="0.467" /><testcase classname="backend.tests.test_e2e_comprehensive.TestARESIntegration" name="test_ares_lookup_invalid_ico" time="0.385" /><testcase classname="backend.tests.test_e2e_comprehensive.TestAdminLogin" name="test_admin_login_success" time="0.340" /><testcase classname="backend.tests.test_e2e_comprehensive.TestAdminLogin" name="test_admin_login_invalid_credentials" time="0.331" /><testcase classname="backend.tests.test_e2e_comprehensive.TestCustomerRegistration" name="test_register_customer_nepodnikatel" time="2.073" /><testcase classname="backend.tests.test_e2e_comprehensive.TestCustomerRegistration" name="test_customer_can_login_after_registration" time="2.538" /><testcase classname="backend.tests.test_e2e_comprehensive.TestSupplierRegistration" name="test_register_supplier_osvc" time="2.285" /><testcase classname="backend.tests.test_e2e_comprehensive.TestAdminDashboard" name="test_admin_stats" time="0.455" /><testcase classname="backend.tests.test_e2e_comprehensive.TestAdminDashboard" name="test_admin_users_list" time="0.453" /><testcase classname="backend.tests.test_e2e_comprehensive.TestAdminDashboard" name="test_admin_demands_list" time="0.452" /><testcase classname="backend.tests.test_e2e_comprehensive.TestDemandLifecycle" name="test_create_demand" time="49.803" /><testcase classname="backend.tests.test_e2e_comprehensive.TestDemandLifecycle" name="test_demand_lifecycle_full" time="59.707" /><testcase classname="backend.tests.test_e2e_comprehensive.TestReviewsAndPunctuality" name="test_create_review_after_completion" time="61.269" /><testcase classname="backend.tests.test_e2e_comprehensive.TestMessaging" name="test_send_and_receive_messages" time="63.019" /><testcase classname="backend.tests.test_e2e_comprehensive.TestCancelDemand" name="test_cancel_demand_with_reason" time="54.782" /><testcase classname="backend.tests.test_e2e_comprehensive.TestFileUpload" name="test_public_upload" time="0.100" /><testcase classname="backend.tests.test_e2e_comprehensive.TestCertifications" name="test_certifications_crud" time="2.411" /><testcase classname="backend.tests.test_e2e_comprehensive.TestSupplierFinances" name="test_get_supplier_finances" time="2.165" /><testcase classname="backend.tests.test_e2e_comprehensive.TestProtectedRoutes" name="test_unauthenticated_access_rejected" time="0.239" /><testcase classname="backend.tests.test_e2e_comprehensive.TestPublicPages" name="test_public_user_profile" time="0.472" /><testcase classname="backend.tests.test_e2e_comprehensive.TestPublicPages" name="test_public_reviews_access" time="0.458" /></testsuite></testsuites>