<?xml version="1.0" encoding="utf-8"?><testsuites name="pytest tests"><testsuite name="pytest" errors="0" failures="0" skipped="0" tests="14" time="17.383" timestamp="2026-04-04T17:26:14.473226+00:00" hostname="agent-env-5eebdfe4-ba9a-4811-8351-63ad73d05948"><testcase classname="backend.tests.test_iteration13_features.TestUnreadMessagesSummary" name="test_unread_summary_requires_auth" time="0.254" /><testcase classname="backend.tests.test_iteration13_features.TestUnreadMessagesSummary" name="test_unread_summary_customer" time="0.489" /><testcase classname="backend.tests.test_iteration13_features.TestUnreadMessagesSummary" name="test_unread_summary_supplier" time="0.459" /><testcase classname="backend.tests.test_iteration13_features.TestQuickDemand" name="test_quick_demand_no_auth_required" time="0.107" /><testcase classname="backend.tests.test_iteration13_features.TestQuickDemand" name="test_quick_demand_validation" time="0.105" /><testcase classname="backend.tests.test_iteration13_features.TestQuickDemand" name="test_quick_demand_creates_with_is_quick_flag" time="0.601" /><testcase classname="backend.tests.test_iteration13_features.TestClaimQuickDemand" name="test_claim_requires_auth" time="0.101" /><testcase classname="backend.tests.test_iteration13_features.TestClaimQuickDemand" name="test_claim_quick_demand_flow" time="0.572" /><testcase classname="backend.tests.test_iteration13_features.TestSupplierReplyToQuickDemand" name="test_supplier_can_soft_accept_quick_demand" time="2.430" /><testcase classname="backend.tests.test_iteration13_features.TestSupplierReplyToQuickDemand" name="test_supplier_can_send_message_to_quick_demand" time="2.303" /><testcase classname="backend.tests.test_iteration13_features.TestDemandsWithCoordinates" name="test_create_demand_with_coordinates" time="9.196" /><testcase classname="backend.tests.test_iteration13_features.TestDemandsWithCoordinates" name="test_get_demands_includes_coordinates" time="0.473" /><testcase classname="backend.tests.test_iteration13_features.TestHealthAndBasicEndpoints" name="test_health_endpoint" time="0.114" /><testcase classname="backend.tests.test_iteration13_features.TestHealthAndBasicEndpoints" name="test_categories_endpoint" time="0.091" /></testsuite></testsuites>