<?xml version="1.0" encoding="utf-8"?><testsuites name="pytest tests"><testsuite name="pytest" errors="0" failures="0" skipped="1" tests="21" time="21.017" timestamp="2026-04-04T16:02:20.811914+00:00" hostname="agent-env-5eebdfe4-ba9a-4811-8351-63ad73d05948"><testcase classname="backend.tests.test_iteration12_image_and_features.TestHealthAndBasics" name="test_api_health" time="0.280" /><testcase classname="backend.tests.test_iteration12_image_and_features.TestHealthAndBasics" name="test_categories_endpoint" time="0.138" /><testcase classname="backend.tests.test_iteration12_image_and_features.TestAuthentication" name="test_admin_login_bypasses_verification" time="0.356" /><testcase classname="backend.tests.test_iteration12_image_and_features.TestAuthentication" name="test_verified_customer_login" time="0.337" /><testcase classname="backend.tests.test_iteration12_image_and_features.TestAuthentication" name="test_unverified_user_login_returns_403" time="0.695" /><testcase classname="backend.tests.test_iteration12_image_and_features.TestImageUpload" name="test_public_upload_endpoint" time="0.190" /><testcase classname="backend.tests.test_iteration12_image_and_features.TestImageUpload" name="test_authenticated_upload_endpoint" time="0.471" /><testcase classname="backend.tests.test_iteration12_image_and_features.TestImageUpload" name="test_uploaded_image_accessible" time="0.221" /><testcase classname="backend.tests.test_iteration12_image_and_features.TestAddressAutocomplete" name="test_geocode_search" time="0.606" /><testcase classname="backend.tests.test_iteration12_image_and_features.TestAddressAutocomplete" name="test_geocode_search_brno" time="0.842" /><testcase classname="backend.tests.test_iteration12_image_and_features.TestAddressAutocomplete" name="test_geocode_reverse" time="0.375" /><testcase classname="backend.tests.test_iteration12_image_and_features.TestProfileFeatures" name="test_get_own_profile" time="0.468" /><testcase classname="backend.tests.test_iteration12_image_and_features.TestProfileFeatures" name="test_update_profile" time="0.465" /><testcase classname="backend.tests.test_iteration12_image_and_features.TestProfileFeatures" name="test_customer_nepodnikatel_profile_fields" time="0.325" /><testcase classname="backend.tests.test_iteration12_image_and_features.TestDemandFeatures" name="test_create_demand" time="7.583" /><testcase classname="backend.tests.test_iteration12_image_and_features.TestDemandFeatures" name="test_get_my_demands" time="0.464" /><testcase classname="backend.tests.test_iteration12_image_and_features.TestDemandFeatures" name="test_edit_demand" time="5.771" /><testcase classname="backend.tests.test_iteration12_image_and_features.TestDemandFeatures" name="test_edit_demand_with_images" time="0.539" /><testcase classname="backend.tests.test_iteration12_image_and_features.TestSupplierFeatures" name="test_supplier_can_view_open_demands" time="0.120"><skipped type="pytest.skip" message="Supplier login failed">/app/backend/tests/test_iteration12_image_and_features.py:358: Supplier login failed</skipped></testcase><testcase classname="backend.tests.test_iteration12_image_and_features.TestRegistrationFlow" name="test_customer_nepodnikatel_registration" time="0.349" /><testcase classname="backend.tests.test_iteration12_image_and_features.TestRegistrationFlow" name="test_supplier_osvc_registration" time="0.325" /></testsuite></testsuites>