<?xml version="1.0" encoding="utf-8"?><testsuites name="pytest tests"><testsuite name="pytest" errors="0" failures="0" skipped="0" tests="17" time="16.417" timestamp="2026-04-04T15:02:55.805018+00:00" hostname="agent-env-5eebdfe4-ba9a-4811-8351-63ad73d05948"><testcase classname="backend.tests.test_iteration11_demand_edit.TestDemandEditAPI" name="test_customer_can_edit_own_demand_title" time="7.996" /><testcase classname="backend.tests.test_iteration11_demand_edit.TestDemandEditAPI" name="test_customer_can_edit_description" time="0.105" /><testcase classname="backend.tests.test_iteration11_demand_edit.TestDemandEditAPI" name="test_customer_can_edit_address" time="0.107" /><testcase classname="backend.tests.test_iteration11_demand_edit.TestDemandEditAPI" name="test_customer_can_edit_budget" time="0.136" /><testcase classname="backend.tests.test_iteration11_demand_edit.TestDemandEditAPI" name="test_customer_can_edit_deadline" time="0.158" /><testcase classname="backend.tests.test_iteration11_demand_edit.TestDemandEditAPI" name="test_customer_can_edit_images" time="0.115" /><testcase classname="backend.tests.test_iteration11_demand_edit.TestDemandEditAPI" name="test_customer_can_edit_multiple_fields" time="0.102" /><testcase classname="backend.tests.test_iteration11_demand_edit.TestDemandEditAPI" name="test_non_owner_cannot_edit_demand" time="0.435" /><testcase classname="backend.tests.test_iteration11_demand_edit.TestDemandEditAPI" name="test_edit_nonexistent_demand_returns_404" time="0.104" /><testcase classname="backend.tests.test_iteration11_demand_edit.TestDemandEditAPI" name="test_empty_update_returns_unchanged_demand" time="0.130" /><testcase classname="backend.tests.test_iteration11_demand_edit.TestDemandEditStatusRestrictions" name="test_can_edit_open_demand" time="5.809" /><testcase classname="backend.tests.test_iteration11_demand_edit.TestHealthAndAuth" name="test_health_endpoint" time="0.108" /><testcase classname="backend.tests.test_iteration11_demand_edit.TestHealthAndAuth" name="test_customer_login_works" time="0.337" /><testcase classname="backend.tests.test_iteration11_demand_edit.TestHealthAndAuth" name="test_admin_login_works" time="0.374" /><testcase classname="backend.tests.test_iteration11_demand_edit.TestIndexHtmlEmergentRemoval" name="test_no_emergent_in_page_source" time="0.102" /><testcase classname="backend.tests.test_iteration11_demand_edit.TestIndexHtmlEmergentRemoval" name="test_no_made_with_badge" time="0.108" /><testcase classname="backend.tests.test_iteration11_demand_edit.TestIndexHtmlEmergentRemoval" name="test_page_title_is_craftbolt" time="0.102" /></testsuite></testsuites>