<?xml version="1.0" encoding="utf-8"?><testsuites name="pytest tests"><testsuite name="pytest" errors="0" failures="0" skipped="0" tests="11" time="100.849" timestamp="2026-04-01T15:20:44.253046+00:00" hostname="agent-env-5eebdfe4-ba9a-4811-8351-63ad73d05948"><testcase classname="backend.tests.test_iteration4_supplier_dashboard.TestAdminLogin" name="test_admin_login_success" time="0.451" /><testcase classname="backend.tests.test_iteration4_supplier_dashboard.TestSupplierDemandEndpoints" name="test_get_available_demands_as_supplier" time="2.803" /><testcase classname="backend.tests.test_iteration4_supplier_dashboard.TestSupplierDemandEndpoints" name="test_get_available_demands_forbidden_for_non_supplier" time="2.590" /><testcase classname="backend.tests.test_iteration4_supplier_dashboard.TestSupplierDemandEndpoints" name="test_get_my_demands_as_supplier" time="0.216" /><testcase classname="backend.tests.test_iteration4_supplier_dashboard.TestProgressPhotoAndInvoice" name="test_add_progress_photo" time="30.078" /><testcase classname="backend.tests.test_iteration4_supplier_dashboard.TestProgressPhotoAndInvoice" name="test_set_invoice_amount" time="0.276" /><testcase classname="backend.tests.test_iteration4_supplier_dashboard.TestProgressPhotoAndInvoice" name="test_invoice_forbidden_for_non_supplier" time="0.139" /><testcase classname="backend.tests.test_iteration4_supplier_dashboard.TestSupplierFinances" name="test_get_supplier_finances" time="34.661" /><testcase classname="backend.tests.test_iteration4_supplier_dashboard.TestSupplierFinances" name="test_finances_forbidden_for_other_users" time="2.511" /><testcase classname="backend.tests.test_iteration4_supplier_dashboard.TestSupplierFinances" name="test_admin_can_view_any_finances" time="0.443" /><testcase classname="backend.tests.test_iteration4_supplier_dashboard.TestCancellationReason" name="test_set_cancellation_reason" time="26.594" /></testsuite></testsuites>