<?xml version="1.0" encoding="utf-8"?><testsuites name="pytest tests"><testsuite name="pytest" errors="0" failures="0" skipped="0" tests="10" time="82.692" timestamp="2026-04-01T16:13:05.296856+00:00" hostname="agent-env-5eebdfe4-ba9a-4811-8351-63ad73d05948"><testcase classname="backend.tests.test_iteration5_profile_punctuality.TestUserEndpointPunctualityFields" name="test_user_response_includes_punctuality_fields" time="2.897" /><testcase classname="backend.tests.test_iteration5_profile_punctuality.TestUserEndpointPunctualityFields" name="test_user_response_includes_rating_percentage" time="0.121" /><testcase classname="backend.tests.test_iteration5_profile_punctuality.TestArriveEndpointPunctuality" name="test_arrive_endpoint_returns_arrival_minutes" time="36.008" /><testcase classname="backend.tests.test_iteration5_profile_punctuality.TestArriveEndpointPunctuality" name="test_arrive_updates_supplier_punctuality_score" time="0.142" /><testcase classname="backend.tests.test_iteration5_profile_punctuality.TestArriveEndpointPunctuality" name="test_arrive_only_assigned_supplier" time="0.109" /><testcase classname="backend.tests.test_iteration5_profile_punctuality.TestReviewPunctualityBlending" name="test_review_with_rating_percentage" time="40.911" /><testcase classname="backend.tests.test_iteration5_profile_punctuality.TestReviewPunctualityBlending" name="test_supplier_rating_blends_punctuality" time="0.147" /><testcase classname="backend.tests.test_iteration5_profile_punctuality.TestPublicProfileAccess" name="test_get_user_by_id_public" time="2.151" /><testcase classname="backend.tests.test_iteration5_profile_punctuality.TestPublicProfileAccess" name="test_get_user_reviews_public" time="0.119" /><testcase classname="backend.tests.test_iteration5_profile_punctuality.TestPunctualityScoreCalculation" name="test_punctuality_score_ranges" time="0.000" /></testsuite></testsuites>