<?xml version="1.0" encoding="utf-8"?><testsuites name="pytest tests"><testsuite name="pytest" errors="0" failures="0" skipped="0" tests="13" time="3.030" timestamp="2026-04-08T12:32:41.667933+00:00" hostname="agent-env-5eebdfe4-ba9a-4811-8351-63ad73d05948"><testcase classname="backend.tests.test_iteration22_invoices.TestInvoiceEndpoints" name="test_get_my_invoices_authenticated_customer" time="0.470" /><testcase classname="backend.tests.test_iteration22_invoices.TestInvoiceEndpoints" name="test_get_my_invoices_authenticated_supplier" time="0.435" /><testcase classname="backend.tests.test_iteration22_invoices.TestInvoiceEndpoints" name="test_get_my_invoices_unauthenticated" time="0.099" /><testcase classname="backend.tests.test_iteration22_invoices.TestInvoiceEndpoints" name="test_admin_get_all_invoices" time="0.439" /><testcase classname="backend.tests.test_iteration22_invoices.TestInvoiceEndpoints" name="test_admin_get_invoices_by_month" time="0.158" /><testcase classname="backend.tests.test_iteration22_invoices.TestInvoiceEndpoints" name="test_admin_invoices_forbidden_for_customer" time="0.110" /><testcase classname="backend.tests.test_iteration22_invoices.TestInvoiceEndpoints" name="test_admin_invoices_forbidden_for_supplier" time="0.101" /><testcase classname="backend.tests.test_iteration22_invoices.TestInvoiceEndpoints" name="test_admin_download_zip" time="0.132" /><testcase classname="backend.tests.test_iteration22_invoices.TestInvoiceEndpoints" name="test_admin_download_zip_forbidden_for_customer" time="0.112" /><testcase classname="backend.tests.test_iteration22_invoices.TestInvoicePdfXmlDownload" name="test_download_pdf_as_admin" time="0.556" /><testcase classname="backend.tests.test_iteration22_invoices.TestInvoicePdfXmlDownload" name="test_download_xml_as_admin" time="0.113" /><testcase classname="backend.tests.test_iteration22_invoices.TestInvoicePdfXmlDownload" name="test_download_pdf_nonexistent_invoice" time="0.122" /><testcase classname="backend.tests.test_iteration22_invoices.TestInvoicePdfXmlDownload" name="test_download_pdf_unauthenticated" time="0.100" /></testsuite></testsuites>