<?xml version="1.0" encoding="utf-8"?><testsuites name="pytest tests"><testsuite name="pytest" errors="0" failures="0" skipped="0" tests="6" time="1.173" timestamp="2026-04-07T12:37:18.058103+00:00" hostname="agent-env-5eebdfe4-ba9a-4811-8351-63ad73d05948"><testcase classname="backend.tests.test_financial_summary.TestPriceIncreaseDemand" name="test_get_price_increase_demand_returns_correct_fields" time="0.540" /><testcase classname="backend.tests.test_financial_summary.TestBlacklistDemand" name="test_get_blacklist_demand_returns_correct_fields" time="0.113" /><testcase classname="backend.tests.test_financial_summary.TestDemandResponseModel" name="test_demand_response_includes_all_financial_fields" time="0.105" /><testcase classname="backend.tests.test_financial_summary.TestCompleteDemandEndpoint" name="test_complete_demand_endpoint_exists" time="0.140" /><testcase classname="backend.tests.test_financial_summary.TestAuthenticationRequired" name="test_get_demand_requires_authentication" time="0.097" /><testcase classname="backend.tests.test_financial_summary.TestDemandWithoutAgreedPrice" name="test_demand_without_agreed_price_returns_null" time="0.108" /></testsuite></testsuites>