<?xml version="1.0" encoding="utf-8"?><testsuites name="pytest tests"><testsuite name="pytest" errors="0" failures="0" skipped="0" tests="12" time="5.334" timestamp="2026-04-10T19:52:47.335967+00:00" hostname="agent-env-5eebdfe4-ba9a-4811-8351-63ad73d05948"><testcase classname="backend.tests.test_iteration29_admin_promo.TestAdminPromoAuth" name="test_admin_login_success" time="0.442" /><testcase classname="backend.tests.test_iteration29_admin_promo.TestAdminPromoAuth" name="test_customer_login_success" time="0.410" /><testcase classname="backend.tests.test_iteration29_admin_promo.TestAdminPromoStats" name="test_admin_promoted_stats_success" time="0.562" /><testcase classname="backend.tests.test_iteration29_admin_promo.TestAdminPromoStats" name="test_customer_promoted_stats_forbidden" time="0.540" /><testcase classname="backend.tests.test_iteration29_admin_promo.TestAdminPromoStats" name="test_unauthenticated_promoted_stats_forbidden" time="0.140" /><testcase classname="backend.tests.test_iteration29_admin_promo.TestAdminPromoActions" name="test_admin_extend_promo" time="1.049" /><testcase classname="backend.tests.test_iteration29_admin_promo.TestAdminPromoActions" name="test_admin_deactivate_promo" time="0.604" /><testcase classname="backend.tests.test_iteration29_admin_promo.TestAdminPromoActions" name="test_admin_delete_promo" time="0.505" /><testcase classname="backend.tests.test_iteration29_admin_promo.TestAdminPromoActions" name="test_admin_delete_nonexistent_promo" time="0.170" /><testcase classname="backend.tests.test_iteration29_admin_promo.TestAdminPromoAuthorizationDenied" name="test_customer_cannot_extend_promo" time="0.518" /><testcase classname="backend.tests.test_iteration29_admin_promo.TestAdminPromoAuthorizationDenied" name="test_customer_cannot_deactivate_promo" time="0.153" /><testcase classname="backend.tests.test_iteration29_admin_promo.TestAdminPromoAuthorizationDenied" name="test_customer_cannot_delete_promo" time="0.153" /></testsuite></testsuites>