<?xml version="1.0" encoding="utf-8"?><testsuites name="pytest tests"><testsuite name="pytest" errors="0" failures="0" skipped="0" tests="16" time="167.262" timestamp="2026-04-11T09:21:26.243516+00:00" hostname="agent-env-5eebdfe4-ba9a-4811-8351-63ad73d05948"><testcase classname="backend.tests.test_quote_workflow.TestQuoteWorkflow" name="test_01_customer_login" time="0.431" /><testcase classname="backend.tests.test_quote_workflow.TestQuoteWorkflow" name="test_02_supplier_login" time="0.326" /><testcase classname="backend.tests.test_quote_workflow.TestQuoteWorkflow" name="test_03_create_demand_as_customer" time="10.107" /><testcase classname="backend.tests.test_quote_workflow.TestQuoteWorkflow" name="test_04_supplier_accepts_demand" time="11.927" /><testcase classname="backend.tests.test_quote_workflow.TestQuoteSubmission" name="test_05_supplier_submit_quote_success" time="11.835" /><testcase classname="backend.tests.test_quote_workflow.TestQuoteSubmission" name="test_06_quote_requires_file" time="12.311" /><testcase classname="backend.tests.test_quote_workflow.TestQuoteSubmission" name="test_07_only_assigned_supplier_can_submit" time="12.061" /><testcase classname="backend.tests.test_quote_workflow.TestQuoteSubmission" name="test_08_quote_only_for_in_progress_demand" time="10.099" /><testcase classname="backend.tests.test_quote_workflow.TestQuoteAcceptReject" name="test_09_customer_accept_quote" time="11.984" /><testcase classname="backend.tests.test_quote_workflow.TestQuoteAcceptReject" name="test_10_customer_reject_quote_requires_reason" time="12.040" /><testcase classname="backend.tests.test_quote_workflow.TestQuoteAcceptReject" name="test_11_customer_reject_quote_with_reason" time="12.245" /><testcase classname="backend.tests.test_quote_workflow.TestQuoteAcceptReject" name="test_12_only_customer_can_accept_reject" time="12.090" /><testcase classname="backend.tests.test_quote_workflow.TestQuoteAcceptReject" name="test_13_multiple_quotes_allowed" time="12.842" /><testcase classname="backend.tests.test_quote_workflow.TestQuoteResponseStructure" name="test_14_quotes_array_structure" time="12.197" /><testcase classname="backend.tests.test_quote_workflow.TestFileExtensionValidation" name="test_15_allowed_extensions" time="12.321" /><testcase classname="backend.tests.test_quote_workflow.TestFileExtensionValidation" name="test_16_disallowed_extensions" time="12.355" /></testsuite></testsuites>