<?xml version="1.0" encoding="utf-8"?><testsuites name="pytest tests"><testsuite name="pytest" errors="0" failures="0" skipped="1" tests="15" time="18.609" timestamp="2026-04-12T19:48:08.112542+00:00" hostname="agent-env-5eebdfe4-ba9a-4811-8351-63ad73d05948"><testcase classname="tests.test_demands_api.TestHealthAndAuth" name="test_health_endpoint" time="0.144" /><testcase classname="tests.test_demands_api.TestHealthAndAuth" name="test_supplier_login" time="0.330" /><testcase classname="tests.test_demands_api.TestHealthAndAuth" name="test_customer_login" time="0.336" /><testcase classname="tests.test_demands_api.TestHealthAndAuth" name="test_invalid_login" time="0.109" /><testcase classname="tests.test_demands_api.TestSupplierDemands" name="test_get_available_demands" time="0.436" /><testcase classname="tests.test_demands_api.TestSupplierDemands" name="test_get_supplier_demands" time="0.437" /><testcase classname="tests.test_demands_api.TestSupplierDemands" name="test_get_viewed_demands" time="0.441" /><testcase classname="tests.test_demands_api.TestCustomerDemands" name="test_get_customer_demands" time="0.459" /><testcase classname="tests.test_demands_api.TestCustomerDemands" name="test_create_demand" time="12.114" /><testcase classname="tests.test_demands_api.TestDemandStatusFlow" name="test_get_in_progress_demands" time="0.482" /><testcase classname="tests.test_demands_api.TestDemandStatusFlow" name="test_complete_demand_flow" time="0.819"><skipped type="pytest.skip" message="No in_progress demands available">/app/backend/tests/test_demands_api.py:207: No in_progress demands available</skipped></testcase><testcase classname="tests.test_demands_api.TestCategories" name="test_get_categories" time="0.107" /><testcase classname="tests.test_demands_api.TestDisputes" name="test_get_disputes" time="0.450" /><testcase classname="tests.test_demands_api.TestUserProfile" name="test_get_profile" time="0.823" /><testcase classname="tests.test_demands_api.TestUserProfile" name="test_update_sms_notifications" time="1.051" /></testsuite></testsuites>