<?xml version="1.0" encoding="utf-8"?><testsuites name="pytest tests"><testsuite name="pytest" errors="0" failures="0" skipped="0" tests="9" time="2.284" timestamp="2026-04-10T20:43:44.860326+00:00" hostname="agent-env-5eebdfe4-ba9a-4811-8351-63ad73d05948"><testcase classname="backend.tests.test_sms_notifications.TestSMSNotificationsRegistration" name="test_register_with_sms_notifications_true" time="0.446" /><testcase classname="backend.tests.test_sms_notifications.TestSMSNotificationsRegistration" name="test_register_with_sms_notifications_false" time="0.289" /><testcase classname="backend.tests.test_sms_notifications.TestSMSNotificationsRegistration" name="test_register_without_sms_notifications_defaults_to_false" time="0.284" /><testcase classname="backend.tests.test_sms_notifications.TestSMSNotificationsProfile" name="test_get_profile_returns_sms_notifications" time="0.332" /><testcase classname="backend.tests.test_sms_notifications.TestSMSNotificationsProfile" name="test_update_profile_sms_notifications_true" time="0.107" /><testcase classname="backend.tests.test_sms_notifications.TestSMSNotificationsProfile" name="test_update_profile_sms_notifications_false" time="0.122" /><testcase classname="backend.tests.test_sms_notifications.TestSMSNotificationsProfile" name="test_toggle_sms_notifications_true_to_false_to_true" time="0.156" /><testcase classname="backend.tests.test_sms_notifications.TestSMSNotificationsCustomer" name="test_customer_profile_has_sms_notifications" time="0.316" /><testcase classname="backend.tests.test_sms_notifications.TestSMSNotificationsCustomer" name="test_customer_can_update_sms_notifications" time="0.171" /></testsuite></testsuites>