<?xml version="1.0" encoding="utf-8"?><testsuites name="pytest tests"><testsuite name="pytest" errors="0" failures="0" skipped="0" tests="12" time="153.050" timestamp="2026-04-01T18:41:09.461271+00:00" hostname="agent-env-5eebdfe4-ba9a-4811-8351-63ad73d05948"><testcase classname="backend.tests.test_iteration7_features.TestDeadlineField" name="test_create_demand_with_deadline" time="58.963" /><testcase classname="backend.tests.test_iteration7_features.TestDeadlineField" name="test_create_demand_without_deadline" time="61.168" /><testcase classname="backend.tests.test_iteration7_features.TestDeadlineField" name="test_get_demand_returns_deadline" time="11.152" /><testcase classname="backend.tests.test_iteration7_features.TestDeadlineField" name="test_get_demands_list_includes_deadline" time="2.473" /><testcase classname="backend.tests.test_iteration7_features.TestNotificationEmailTemplate" name="test_notification_template_accepts_customer_name" time="0.013" /><testcase classname="backend.tests.test_iteration7_features.TestNotificationEmailTemplate" name="test_notification_template_without_customer_name" time="0.000" /><testcase classname="backend.tests.test_iteration7_features.TestUserDeactivation" name="test_deactivate_account_requires_password" time="2.381" /><testcase classname="backend.tests.test_iteration7_features.TestUserDeactivation" name="test_deactivate_account_success" time="2.451" /><testcase classname="backend.tests.test_iteration7_features.TestUserDeactivation" name="test_login_blocked_for_deactivated_user" time="2.712" /><testcase classname="backend.tests.test_iteration7_features.TestUserDeactivation" name="test_admin_reactivate_user" time="3.702" /><testcase classname="backend.tests.test_iteration7_features.TestUserDeactivation" name="test_reactivate_requires_admin" time="2.185" /><testcase classname="backend.tests.test_iteration7_features.TestDemandResponseModel" name="test_demand_response_includes_all_fields" time="5.761" /></testsuite></testsuites>