<?xml version="1.0" encoding="utf-8"?><testsuites name="pytest tests"><testsuite name="pytest" errors="0" failures="0" skipped="0" tests="9" time="17.072" timestamp="2026-04-10T19:34:49.389025+00:00" hostname="agent-env-5eebdfe4-ba9a-4811-8351-63ad73d05948"><testcase classname="backend.tests.test_iteration28_promoted_suppliers.TestPromotedSuppliersAPI" name="test_get_promoted_suppliers" time="0.192" /><testcase classname="backend.tests.test_iteration28_promoted_suppliers.TestPromotedSuppliersAPI" name="test_create_promoted_supplier" time="0.111" /><testcase classname="backend.tests.test_iteration28_promoted_suppliers.TestPromotedSuppliersAPI" name="test_activate_promoted_supplier" time="0.235" /><testcase classname="backend.tests.test_iteration28_promoted_suppliers.TestPromotedSuppliersAPI" name="test_create_checkout_fails_without_stripe" time="0.437" /><testcase classname="backend.tests.test_iteration28_promoted_suppliers.TestAdminLogin" name="test_admin_login_returns_token" time="0.378" /><testcase classname="backend.tests.test_iteration28_promoted_suppliers.TestAdminLogin" name="test_customer_login_returns_token" time="0.339" /><testcase classname="backend.tests.test_iteration28_promoted_suppliers.TestAdminLogin" name="test_supplier_login_returns_token" time="0.781" /><testcase classname="backend.tests.test_iteration28_promoted_suppliers.TestCreateDemand" name="test_create_demand_with_auth" time="14.517" /><testcase classname="backend.tests.test_iteration28_promoted_suppliers.TestNotificationsService" name="test_sms_service_config_in_env" time="0.000" /></testsuite></testsuites>