<?xml version="1.0" encoding="utf-8"?><testsuites name="pytest tests"><testsuite name="pytest" errors="0" failures="0" skipped="0" tests="15" time="4.409" timestamp="2026-04-04T14:03:26.103372+00:00" hostname="agent-env-5eebdfe4-ba9a-4811-8351-63ad73d05948"><testcase classname="backend.tests.test_iteration10_email_verification.TestHealthAndBasics" name="test_health_endpoint" time="0.323" /><testcase classname="backend.tests.test_iteration10_email_verification.TestHealthAndBasics" name="test_api_root" time="0.107" /><testcase classname="backend.tests.test_iteration10_email_verification.TestRegistrationVerificationFlow" name="test_register_returns_requires_verification" time="0.359" /><testcase classname="backend.tests.test_iteration10_email_verification.TestRegistrationVerificationFlow" name="test_register_supplier_returns_requires_verification" time="0.329" /><testcase classname="backend.tests.test_iteration10_email_verification.TestLoginVerificationCheck" name="test_login_unverified_user_returns_403" time="0.665" /><testcase classname="backend.tests.test_iteration10_email_verification.TestLoginVerificationCheck" name="test_login_verified_user_returns_token" time="0.323" /><testcase classname="backend.tests.test_iteration10_email_verification.TestLoginVerificationCheck" name="test_admin_login_bypasses_verification" time="0.324" /><testcase classname="backend.tests.test_iteration10_email_verification.TestVerifyEmailEndpoint" name="test_verify_email_invalid_token" time="0.128" /><testcase classname="backend.tests.test_iteration10_email_verification.TestVerifyEmailEndpoint" name="test_verify_email_flow" time="0.645" /><testcase classname="backend.tests.test_iteration10_email_verification.TestResendVerification" name="test_resend_verification_success" time="0.456" /><testcase classname="backend.tests.test_iteration10_email_verification.TestResendVerification" name="test_resend_verification_missing_email" time="0.116" /><testcase classname="backend.tests.test_iteration10_email_verification.TestResendVerification" name="test_resend_verification_nonexistent_user" time="0.107" /><testcase classname="backend.tests.test_iteration10_email_verification.TestResendVerification" name="test_resend_verification_already_verified" time="0.101" /><testcase classname="backend.tests.test_iteration10_email_verification.TestCategoriesEndpoint" name="test_get_categories" time="0.123" /><testcase classname="backend.tests.test_iteration10_email_verification.TestGeocodeEndpoint" name="test_geocode_search" time="0.221" /></testsuite></testsuites>