<?xml version="1.0" encoding="utf-8"?><testsuites name="pytest tests"><testsuite name="pytest" errors="0" failures="0" skipped="0" tests="17" time="61.703" timestamp="2026-04-01T14:46:57.012475+00:00" hostname="agent-env-5eebdfe4-ba9a-4811-8351-63ad73d05948"><testcase classname="backend.tests.test_iteration3_features.TestHealthAndBasicEndpoints" name="test_health_endpoint" time="0.228" /><testcase classname="backend.tests.test_iteration3_features.TestHealthAndBasicEndpoints" name="test_categories_endpoint" time="0.112" /><testcase classname="backend.tests.test_iteration3_features.TestHealthAndBasicEndpoints" name="test_geocode_search" time="0.226" /><testcase classname="backend.tests.test_iteration3_features.TestAdminAuth" name="test_admin_login" time="0.400" /><testcase classname="backend.tests.test_iteration3_features.TestRegistrationWithNewFields" name="test_register_customer_has_new_fields" time="2.191" /><testcase classname="backend.tests.test_iteration3_features.TestRegistrationWithNewFields" name="test_register_supplier_has_new_fields" time="2.114" /><testcase classname="backend.tests.test_iteration3_features.TestSupplierArrivedEndpoint" name="test_arrive_endpoint_full_flow" time="10.414" /><testcase classname="backend.tests.test_iteration3_features.TestSupplierArrivedEndpoint" name="test_arrive_requires_supplier_role" time="11.923" /><testcase classname="backend.tests.test_iteration3_features.TestRatingPercentage" name="test_review_with_rating_percentage" time="17.521" /><testcase classname="backend.tests.test_iteration3_features.TestCertifications" name="test_upload_certification" time="2.145" /><testcase classname="backend.tests.test_iteration3_features.TestCertifications" name="test_get_certifications" time="2.228" /><testcase classname="backend.tests.test_iteration3_features.TestCertifications" name="test_delete_certification" time="2.553" /><testcase classname="backend.tests.test_iteration3_features.TestCertifications" name="test_customer_cannot_upload_certification" time="2.164" /><testcase classname="backend.tests.test_iteration3_features.TestAdminTrustScore" name="test_admin_can_set_trust_score" time="2.626" /><testcase classname="backend.tests.test_iteration3_features.TestAdminTrustScore" name="test_trust_score_validation" time="2.517" /><testcase classname="backend.tests.test_iteration3_features.TestAdminTrustScore" name="test_non_admin_cannot_set_trust_score" time="2.138" /><testcase classname="backend.tests.test_iteration3_features.TestPublicUpload" name="test_public_upload_accepts_image" time="0.105" /></testsuite></testsuites>