<?xml version="1.0" encoding="utf-8"?><testsuites name="pytest tests"><testsuite name="pytest" errors="0" failures="0" skipped="0" tests="18" time="4.402" timestamp="2026-04-01T13:58:49.733347+00:00" hostname="agent-env-5eebdfe4-ba9a-4811-8351-63ad73d05948"><testcase classname="backend.tests.test_upload_geocode.TestHealthCheck" name="test_health_endpoint" time="0.236" /><testcase classname="backend.tests.test_upload_geocode.TestHealthCheck" name="test_root_endpoint" time="0.099" /><testcase classname="backend.tests.test_upload_geocode.TestPublicUpload" name="test_public_upload_jpeg_without_auth" time="0.102" /><testcase classname="backend.tests.test_upload_geocode.TestPublicUpload" name="test_public_upload_png_without_auth" time="0.150" /><testcase classname="backend.tests.test_upload_geocode.TestPublicUpload" name="test_public_upload_webp_without_auth" time="0.133" /><testcase classname="backend.tests.test_upload_geocode.TestPublicUpload" name="test_public_upload_gif_without_auth" time="0.140" /><testcase classname="backend.tests.test_upload_geocode.TestPublicUpload" name="test_public_upload_bmp_by_extension" time="0.101" /><testcase classname="backend.tests.test_upload_geocode.TestPublicUpload" name="test_public_upload_rejects_invalid_format" time="0.148" /><testcase classname="backend.tests.test_upload_geocode.TestPublicUpload" name="test_authenticated_upload_requires_auth" time="0.098" /><testcase classname="backend.tests.test_upload_geocode.TestGeocodeSearch" name="test_geocode_search_praha" time="0.253" /><testcase classname="backend.tests.test_upload_geocode.TestGeocodeSearch" name="test_geocode_search_brno" time="0.572" /><testcase classname="backend.tests.test_upload_geocode.TestGeocodeSearch" name="test_geocode_search_street_address" time="0.538" /><testcase classname="backend.tests.test_upload_geocode.TestGeocodeSearch" name="test_geocode_search_empty_query" time="0.339" /><testcase classname="backend.tests.test_upload_geocode.TestGeocodeSearch" name="test_geocode_search_returns_czech_results" time="0.163" /><testcase classname="backend.tests.test_upload_geocode.TestGeocodeReverse" name="test_geocode_reverse_prague_center" time="0.654" /><testcase classname="backend.tests.test_upload_geocode.TestCategories" name="test_get_categories" time="0.103" /><testcase classname="backend.tests.test_upload_geocode.TestAuth" name="test_login_admin" time="0.337" /><testcase classname="backend.tests.test_upload_geocode.TestAuth" name="test_login_invalid_credentials" time="0.142" /></testsuite></testsuites>