<?xml version="1.0" encoding="utf-8"?><testsuites name="pytest tests"><testsuite name="pytest" errors="0" failures="0" skipped="0" tests="17" time="8.093" timestamp="2026-04-04T13:21:52.580510+00:00" hostname="agent-env-5eebdfe4-ba9a-4811-8351-63ad73d05948"><testcase classname="backend.tests.test_iteration8_registration_apis.TestHealthAndBasics" name="test_health_endpoint" time="0.125" /><testcase classname="backend.tests.test_iteration8_registration_apis.TestHealthAndBasics" name="test_root_endpoint" time="0.099" /><testcase classname="backend.tests.test_iteration8_registration_apis.TestRegistration" name="test_register_returns_immediately" time="0.342" /><testcase classname="backend.tests.test_iteration8_registration_apis.TestRegistration" name="test_register_duplicate_email_returns_400" time="0.466" /><testcase classname="backend.tests.test_iteration8_registration_apis.TestRegistration" name="test_register_supplier_with_all_fields" time="0.327" /><testcase classname="backend.tests.test_iteration8_registration_apis.TestLogin" name="test_login_with_valid_credentials" time="0.325" /><testcase classname="backend.tests.test_iteration8_registration_apis.TestLogin" name="test_login_with_invalid_credentials" time="0.097" /><testcase classname="backend.tests.test_iteration8_registration_apis.TestGeocoding" name="test_geocode_search_praha" time="0.243" /><testcase classname="backend.tests.test_iteration8_registration_apis.TestGeocoding" name="test_geocode_search_brno" time="0.173" /><testcase classname="backend.tests.test_iteration8_registration_apis.TestGeocoding" name="test_geocode_search_specific_address" time="0.164" /><testcase classname="backend.tests.test_iteration8_registration_apis.TestCategories" name="test_get_categories" time="0.100" /><testcase classname="backend.tests.test_iteration8_registration_apis.TestCategories" name="test_suggest_category_requires_auth" time="0.109" /><testcase classname="backend.tests.test_iteration8_registration_apis.TestCategories" name="test_suggest_category_with_auth" time="0.429" /><testcase classname="backend.tests.test_iteration8_registration_apis.TestARES" name="test_ares_lookup_valid_ico" time="1.415" /><testcase classname="backend.tests.test_iteration8_registration_apis.TestARES" name="test_ares_lookup_invalid_ico" time="1.279" /><testcase classname="backend.tests.test_iteration8_registration_apis.TestARES" name="test_ares_lookup_another_company" time="1.317" /><testcase classname="backend.tests.test_iteration8_registration_apis.TestRegistrationTiming" name="test_multiple_registrations_fast" time="0.991" /></testsuite></testsuites>