<?xml version="1.0" encoding="utf-8"?><testsuites name="pytest tests"><testsuite name="pytest" errors="0" failures="0" skipped="0" tests="10" time="35.693" timestamp="2026-04-12T20:19:40.705438+00:00" hostname="agent-env-5eebdfe4-ba9a-4811-8351-63ad73d05948"><testcase classname="tests.test_location_sms_bugfixes.TestLocationSharingPersistence" name="test_auth_me_returns_location_sharing_field" time="0.476" /><testcase classname="tests.test_location_sms_bugfixes.TestLocationSharingPersistence" name="test_enable_location_sharing_persists" time="0.532" /><testcase classname="tests.test_location_sms_bugfixes.TestLocationSharingPersistence" name="test_disable_location_sharing_persists" time="0.547" /><testcase classname="tests.test_location_sms_bugfixes.TestLocationSharingPersistence" name="test_location_sharing_toggle_cycle" time="1.073" /><testcase classname="tests.test_location_sms_bugfixes.TestLocationSharingPersistence" name="test_customer_location_sharing" time="0.653" /><testcase classname="tests.test_location_sms_bugfixes.TestSMSNotificationsToSuppliers" name="test_supplier_has_sms_notifications_field" time="0.498" /><testcase classname="tests.test_location_sms_bugfixes.TestSMSNotificationsToSuppliers" name="test_enable_sms_notifications" time="0.572" /><testcase classname="tests.test_location_sms_bugfixes.TestSMSNotificationsToSuppliers" name="test_create_demand_in_supplier_category" time="15.436" /><testcase classname="tests.test_location_sms_bugfixes.TestUserResponseModel" name="test_user_response_contains_all_required_fields" time="0.488" /><testcase classname="tests.test_location_sms_bugfixes.TestDemandCreationWithSMSProjection" name="test_demand_creation_returns_success" time="15.351" /></testsuite></testsuites>