<?xml version="1.0" encoding="utf-8"?><testsuites name="pytest tests"><testsuite name="pytest" errors="0" failures="0" skipped="2" tests="12" time="3.077" timestamp="2026-04-01T14:25:18.596396+00:00" hostname="agent-env-5eebdfe4-ba9a-4811-8351-63ad73d05948"><testcase classname="backend.tests.test_new_features.TestGeocodeAPI" name="test_geocode_search_praha" time="0.217" /><testcase classname="backend.tests.test_new_features.TestGeocodeAPI" name="test_geocode_search_brno" time="0.180" /><testcase classname="backend.tests.test_new_features.TestGeocodeAPI" name="test_geocode_search_empty_query" time="0.164" /><testcase classname="backend.tests.test_new_features.TestGeocodeAPI" name="test_geocode_reverse" time="0.171" /><testcase classname="backend.tests.test_new_features.TestCategoriesAPI" name="test_get_categories" time="0.105" /><testcase classname="backend.tests.test_new_features.TestCategoriesAPI" name="test_categories_contain_expected_items" time="0.102" /><testcase classname="backend.tests.test_new_features.TestAuthAndDemands" name="test_admin_login" time="0.326" /><testcase classname="backend.tests.test_new_features.TestAuthAndDemands" name="test_get_my_demands" time="0.453" /><testcase classname="backend.tests.test_new_features.TestAuthAndDemands" name="test_get_demand_detail" time="0.457"><skipped type="pytest.skip" message="No demands to test detail view">/app/backend/tests/test_new_features.py:130: No demands to test detail view</skipped></testcase><testcase classname="backend.tests.test_new_features.TestMessagesAPI" name="test_get_messages_for_demand" time="0.592"><skipped type="pytest.skip" message="No demands to test messages">/app/backend/tests/test_new_features.py:167: No demands to test messages</skipped></testcase><testcase classname="backend.tests.test_new_features.TestPublicUpload" name="test_public_upload_jpeg" time="0.107" /><testcase classname="backend.tests.test_new_features.TestHealthEndpoint" name="test_health" time="0.136" /></testsuite></testsuites>