<?xml version="1.0" encoding="utf-8"?><testsuites name="pytest tests"><testsuite name="pytest" errors="0" failures="1" skipped="0" tests="18" time="42.305" timestamp="2026-04-04T18:04:22.880485+00:00" hostname="agent-env-5eebdfe4-ba9a-4811-8351-63ad73d05948"><testcase classname="backend.tests.test_iteration14_pricing_registration.TestHealthAndBasicEndpoints" name="test_health_endpoint" time="0.211" /><testcase classname="backend.tests.test_iteration14_pricing_registration.TestHealthAndBasicEndpoints" name="test_categories_endpoint" time="0.052" /><testcase classname="backend.tests.test_iteration14_pricing_registration.TestRegistrationWithNewFields" name="test_register_customer_supplier_with_ico" time="0.277" /><testcase classname="backend.tests.test_iteration14_pricing_registration.TestRegistrationWithNewFields" name="test_register_customer_supplier_without_ico" time="0.501" /><testcase classname="backend.tests.test_iteration14_pricing_registration.TestRegistrationWithNewFields" name="test_register_customer_only" time="0.272" /><testcase classname="backend.tests.test_iteration14_pricing_registration.TestRegistrationWithNewFields" name="test_register_supplier_only" time="0.294" /><testcase classname="backend.tests.test_iteration14_pricing_registration.TestRegistrationWithNewFields" name="test_register_duplicate_email_fails" time="0.052" /><testcase classname="backend.tests.test_iteration14_pricing_registration.TestQuickDemandFlow" name="test_create_quick_demand" time="0.052" /><testcase classname="backend.tests.test_iteration14_pricing_registration.TestQuickDemandFlow" name="test_claim_quick_demands" time="0.328" /><testcase classname="backend.tests.test_iteration14_pricing_registration.TestUnreadMessagesSummary" name="test_unread_summary_customer" time="0.056" /><testcase classname="backend.tests.test_iteration14_pricing_registration.TestUnreadMessagesSummary" name="test_unread_summary_supplier" time="0.334" /><testcase classname="backend.tests.test_iteration14_pricing_registration.TestCustomerSupplierRoleAccess" name="test_customer_can_create_demand" time="37.089" /><testcase classname="backend.tests.test_iteration14_pricing_registration.TestCustomerSupplierRoleAccess" name="test_supplier_can_view_available_demands" time="0.054" /><testcase classname="backend.tests.test_iteration14_pricing_registration.TestCustomerSupplierRoleAccess" name="test_supplier_can_soft_accept" time="1.975" /><testcase classname="backend.tests.test_iteration14_pricing_registration.TestUserProfileFields" name="test_customer_profile_has_fields" time="0.059" /><testcase classname="backend.tests.test_iteration14_pricing_registration.TestUserProfileFields" name="test_supplier_profile_has_fields" time="0.062" /><testcase classname="backend.tests.test_iteration14_pricing_registration.TestARESLookup" name="test_ares_lookup_valid_ico" time="0.483" /><testcase classname="backend.tests.test_iteration14_pricing_registration.TestSupplierSearch" name="test_supplier_search_endpoint" time="0.048"><failure message="assert 404 == 200&#10; +  where 404 = &lt;Response [404]&gt;.status_code">backend/tests/test_iteration14_pricing_registration.py:388: in test_supplier_search_endpoint
    assert response.status_code == 200
E   assert 404 == 200
E    +  where 404 = &lt;Response [404]&gt;.status_code</failure></testcase></testsuite></testsuites>