<?xml version="1.0" encoding="utf-8"?><testsuites name="pytest tests"><testsuite name="pytest" errors="0" failures="0" skipped="0" tests="13" time="1.931" timestamp="2026-04-11T15:13:35.619412+00:00" hostname="agent-env-5eebdfe4-ba9a-4811-8351-63ad73d05948"><testcase classname="backend.tests.test_pricing_restructure.TestSubscriptionPlans" name="test_plans_endpoint_returns_200" time="0.185" /><testcase classname="backend.tests.test_pricing_restructure.TestSubscriptionPlans" name="test_only_dodavatel_plan_exists" time="0.164" /><testcase classname="backend.tests.test_pricing_restructure.TestSubscriptionPlans" name="test_dodavatel_monthly_price_190" time="0.149" /><testcase classname="backend.tests.test_pricing_restructure.TestSubscriptionPlans" name="test_dodavatel_annual_price_1890" time="0.106" /><testcase classname="backend.tests.test_pricing_restructure.TestSubscriptionPlans" name="test_dodavatel_savings_390" time="0.105" /><testcase classname="backend.tests.test_pricing_restructure.TestPromotedSupplierPricing" name="test_create_promo_day_duration" time="0.129" /><testcase classname="backend.tests.test_pricing_restructure.TestPromotedSupplierPricing" name="test_create_promo_month_duration" time="0.107" /><testcase classname="backend.tests.test_pricing_restructure.TestPromotedSupplierPricing" name="test_get_promoted_suppliers" time="0.135" /><testcase classname="backend.tests.test_pricing_restructure.TestCustomerRegistration" name="test_customer_registration_free_access" time="0.344" /><testcase classname="backend.tests.test_pricing_restructure.TestSupplierRegistration" name="test_supplier_registration_no_trial" time="0.334" /><testcase classname="backend.tests.test_pricing_restructure.TestDemandVerificationPrice" name="test_models_verification_price" time="0.000" /><testcase classname="backend.tests.test_pricing_restructure.TestPromoPricesInModels" name="test_promo_prices_structure" time="0.000" /><testcase classname="backend.tests.test_pricing_restructure.TestNoTrialReferences" name="test_plans_no_trial_mention" time="0.098" /></testsuite></testsuites>