<?xml version="1.0" encoding="utf-8"?><testsuites name="pytest tests"><testsuite name="pytest" errors="0" failures="0" skipped="0" tests="23" time="34.263" timestamp="2026-04-07T16:11:28.187749+00:00" hostname="agent-env-5eebdfe4-ba9a-4811-8351-63ad73d05948"><testcase classname="backend.tests.test_admin_panel.TestAdminAuthentication" name="test_admin_login_success" time="0.438" /><testcase classname="backend.tests.test_admin_panel.TestAdminAuthentication" name="test_non_admin_cannot_access_admin_endpoints" time="0.505" /><testcase classname="backend.tests.test_admin_panel.TestAdminStats" name="test_get_admin_stats" time="0.490" /><testcase classname="backend.tests.test_admin_panel.TestAdminUserManagement" name="test_get_all_users" time="0.461" /><testcase classname="backend.tests.test_admin_panel.TestAdminUserManagement" name="test_block_user" time="2.409" /><testcase classname="backend.tests.test_admin_panel.TestAdminUserManagement" name="test_blocked_user_cannot_login" time="2.807" /><testcase classname="backend.tests.test_admin_panel.TestAdminUserManagement" name="test_unblock_user" time="2.591" /><testcase classname="backend.tests.test_admin_panel.TestAdminUserManagement" name="test_unblocked_user_can_login" time="2.387" /><testcase classname="backend.tests.test_admin_panel.TestAdminUserManagement" name="test_edit_user_profile" time="0.620" /><testcase classname="backend.tests.test_admin_panel.TestAdminUserManagement" name="test_edit_user_no_changes" time="0.664" /><testcase classname="backend.tests.test_admin_panel.TestAdminUserManagement" name="test_send_message_to_user" time="2.511" /><testcase classname="backend.tests.test_admin_panel.TestAdminUserManagement" name="test_cannot_block_admin" time="0.591" /><testcase classname="backend.tests.test_admin_panel.TestAdminDemandManagement" name="test_get_all_demands" time="0.463" /><testcase classname="backend.tests.test_admin_panel.TestAdminDemandManagement" name="test_notify_demand_wrong_category" time="2.313" /><testcase classname="backend.tests.test_admin_panel.TestAdminDemandManagement" name="test_notify_demand_improve_description" time="2.284" /><testcase classname="backend.tests.test_admin_panel.TestAdminDemandManagement" name="test_notify_demand_vulgar_language" time="2.350" /><testcase classname="backend.tests.test_admin_panel.TestAdminDemandManagement" name="test_notify_demand_custom" time="4.469" /><testcase classname="backend.tests.test_admin_panel.TestAdminDemandManagement" name="test_cancel_demand" time="3.082" /><testcase classname="backend.tests.test_admin_panel.TestAdminDemandManagement" name="test_cannot_cancel_completed_demand" time="0.566" /><testcase classname="backend.tests.test_admin_panel.TestAdminCategorySuggestions" name="test_get_category_suggestions" time="0.497" /><testcase classname="backend.tests.test_admin_panel.TestAdminCategorySuggestions" name="test_approve_category_suggestion" time="0.623" /><testcase classname="backend.tests.test_admin_panel.TestAdminCategorySuggestions" name="test_reject_category_suggestion" time="0.607" /><testcase classname="backend.tests.test_admin_panel.TestAdminCategorySuggestions" name="test_approve_nonexistent_suggestion" time="0.458" /></testsuite></testsuites>