<?xml version="1.0" encoding="utf-8"?><testsuites name="pytest tests"><testsuite name="pytest" errors="0" failures="0" skipped="0" tests="14" time="4.535" timestamp="2026-04-07T16:55:15.678970+00:00" hostname="agent-env-5eebdfe4-ba9a-4811-8351-63ad73d05948"><testcase classname="backend.tests.test_iteration20_features.TestReactivateUser" name="test_reactivate_endpoint_exists" time="0.840" /><testcase classname="backend.tests.test_iteration20_features.TestReactivateUser" name="test_reactivate_requires_admin" time="0.151" /><testcase classname="backend.tests.test_iteration20_features.TestVerificationReminder" name="test_verification_reminder_endpoint_exists" time="0.103" /><testcase classname="backend.tests.test_iteration20_features.TestVerificationReminder" name="test_verification_reminder_returns_400_for_verified_user" time="0.103" /><testcase classname="backend.tests.test_iteration20_features.TestVerificationReminder" name="test_verification_reminder_requires_admin" time="0.219" /><testcase classname="backend.tests.test_iteration20_features.TestAdminEditUserAllFields" name="test_edit_user_with_all_fields" time="0.292" /><testcase classname="backend.tests.test_iteration20_features.TestAdminEditUserAllFields" name="test_edit_user_role_and_account_type" time="0.251" /><testcase classname="backend.tests.test_iteration20_features.TestAdminEditUserAllFields" name="test_edit_user_email" time="0.180" /><testcase classname="backend.tests.test_iteration20_features.TestTrustScoreForAllRoles" name="test_trust_score_for_customer" time="0.267" /><testcase classname="backend.tests.test_iteration20_features.TestTrustScoreForAllRoles" name="test_trust_score_for_supplier" time="0.476" /><testcase classname="backend.tests.test_iteration20_features.TestAresLookup" name="test_ares_endpoint_exists" time="0.655" /><testcase classname="backend.tests.test_iteration20_features.TestAresLookup" name="test_ares_invalid_ico" time="0.623" /><testcase classname="backend.tests.test_iteration20_features.TestAdminUsersListIncludesAllFields" name="test_users_list_includes_new_fields" time="0.172" /><testcase classname="backend.tests.test_iteration20_features.TestCleanup" name="test_cleanup_customer_data" time="0.126" /></testsuite></testsuites>